npm warn Unknown env config "devdir". This will stop working in the next major version of npm. See `npm help npmrc` for supported config options.

> sto-app@0.1.0 start
> BROWSER=none HOST=:: react-scripts start

Attempting to bind to HOST environment variable: ::
If this was unintentional, check that you haven't mistakenly set it in your shell.
Learn more here: https://cra.link/advanced-config

(node:69039) [DEP_WEBPACK_DEV_SERVER_ON_AFTER_SETUP_MIDDLEWARE] DeprecationWarning: 'onAfterSetupMiddleware' option is deprecated. Please use the 'setupMiddlewares' option.
(Use `node --trace-deprecation ...` to show where the warning was created)
(node:69039) [DEP_WEBPACK_DEV_SERVER_ON_BEFORE_SETUP_MIDDLEWARE] DeprecationWarning: 'onBeforeSetupMiddleware' option is deprecated. Please use the 'setupMiddlewares' option.
Starting the development server...

Compiled with warnings.

[eslint] 
src/Components/DashboardComponents/DashboardTable.js
  Line 11:11:  'clientName' is assigned a value but never used  no-unused-vars

Search for the keywords to learn more about each warning.
To ignore, add // eslint-disable-next-line to the line before.

WARNING in [eslint] 
src/Components/DashboardComponents/DashboardTable.js
  Line 11:11:  'clientName' is assigned a value but never used  no-unused-vars

webpack compiled with 1 warning
npm warn Unknown env config "devdir". This will stop working in the next major version of npm. See `npm help npmrc` for supported config options.

> sto-app@0.1.0 start
> BROWSER=none HOST=:: react-scripts start

Attempting to bind to HOST environment variable: ::
If this was unintentional, check that you haven't mistakenly set it in your shell.
Learn more here: https://cra.link/advanced-config

(node:92787) [DEP_WEBPACK_DEV_SERVER_ON_AFTER_SETUP_MIDDLEWARE] DeprecationWarning: 'onAfterSetupMiddleware' option is deprecated. Please use the 'setupMiddlewares' option.
(Use `node --trace-deprecation ...` to show where the warning was created)
(node:92787) [DEP_WEBPACK_DEV_SERVER_ON_BEFORE_SETUP_MIDDLEWARE] DeprecationWarning: 'onBeforeSetupMiddleware' option is deprecated. Please use the 'setupMiddlewares' option.
Starting the development server...

Compiled successfully!

You can now view sto-app in the browser.

  Local:            http://localhost:3000
  On Your Network:  http://192.168.0.102:3000

Note that the development build is not optimized.
To create a production build, use npm run build.

webpack compiled successfully
Compiling...
Compiled successfully!
webpack compiled successfully
Compiling...
Compiled with warnings.

[eslint] 
src/Components/InventoryComponents/PurchaseOrderModal.js
  Line 169:11:  'copied' is assigned a value but never used  no-unused-vars

Search for the keywords to learn more about each warning.
To ignore, add // eslint-disable-next-line to the line before.

WARNING in [eslint] 
src/Components/InventoryComponents/PurchaseOrderModal.js
  Line 169:11:  'copied' is assigned a value but never used  no-unused-vars

webpack compiled with 1 warning
Compiling...
Compiled with warnings.

[eslint] 
src/Components/InventoryComponents/PurchaseOrderModal.js
  Line 169:11:  'copied' is assigned a value but never used  no-unused-vars

Search for the keywords to learn more about each warning.
To ignore, add // eslint-disable-next-line to the line before.

WARNING in [eslint] 
src/Components/InventoryComponents/PurchaseOrderModal.js
  Line 169:11:  'copied' is assigned a value but never used  no-unused-vars

webpack compiled with 1 warning
Compiling...
Compiled with warnings.

[eslint] 
src/Components/InventoryComponents/PurchaseOrderModal.js
  Line 169:11:  'copied' is assigned a value but never used  no-unused-vars

Search for the keywords to learn more about each warning.
To ignore, add // eslint-disable-next-line to the line before.

WARNING in [eslint] 
src/Components/InventoryComponents/PurchaseOrderModal.js
  Line 169:11:  'copied' is assigned a value but never used  no-unused-vars

webpack compiled with 1 warning
Compiling...
Compiled with warnings.

[eslint] 
src/Components/InventoryComponents/PurchaseOrderModal.js
  Line 169:11:  'copied' is assigned a value but never used  no-unused-vars

Search for the keywords to learn more about each warning.
To ignore, add // eslint-disable-next-line to the line before.

WARNING in [eslint] 
src/Components/InventoryComponents/PurchaseOrderModal.js
  Line 169:11:  'copied' is assigned a value but never used  no-unused-vars

webpack compiled with 1 warning
Compiling...
Compiled with warnings.

[eslint] 
src/Components/InventoryComponents/PurchaseOrderModal.js
  Line 169:11:  'copied' is assigned a value but never used  no-unused-vars

Search for the keywords to learn more about each warning.
To ignore, add // eslint-disable-next-line to the line before.

WARNING in [eslint] 
src/Components/InventoryComponents/PurchaseOrderModal.js
  Line 169:11:  'copied' is assigned a value but never used  no-unused-vars

webpack compiled with 1 warning
Compiling...
Compiled with warnings.

[eslint] 
src/Components/InventoryComponents/PurchaseOrderModal.js
  Line 169:11:  'copied' is assigned a value but never used  no-unused-vars

Search for the keywords to learn more about each warning.
To ignore, add // eslint-disable-next-line to the line before.

WARNING in [eslint] 
src/Components/InventoryComponents/PurchaseOrderModal.js
  Line 169:11:  'copied' is assigned a value but never used  no-unused-vars

webpack compiled with 1 warning
Compiling...
Compiled with warnings.

[eslint] 
src/Components/InventoryComponents/PurchaseOrderModal.js
  Line 169:11:  'copied' is assigned a value but never used  no-unused-vars

Search for the keywords to learn more about each warning.
To ignore, add // eslint-disable-next-line to the line before.

WARNING in [eslint] 
src/Components/InventoryComponents/PurchaseOrderModal.js
  Line 169:11:  'copied' is assigned a value but never used  no-unused-vars

webpack compiled with 1 warning
Compiling...
Compiled with warnings.

[eslint] 
src/Components/InventoryComponents/PurchaseOrderModal.js
  Line 169:11:  'copied' is assigned a value but never used  no-unused-vars

Search for the keywords to learn more about each warning.
To ignore, add // eslint-disable-next-line to the line before.

WARNING in [eslint] 
src/Components/InventoryComponents/PurchaseOrderModal.js
  Line 169:11:  'copied' is assigned a value but never used  no-unused-vars

webpack compiled with 1 warning
Compiling...
Compiled with warnings.

[eslint] 
src/Components/InventoryComponents/PurchaseOrderModal.js
  Line 169:11:  'copied' is assigned a value but never used  no-unused-vars

Search for the keywords to learn more about each warning.
To ignore, add // eslint-disable-next-line to the line before.

WARNING in [eslint] 
src/Components/InventoryComponents/PurchaseOrderModal.js
  Line 169:11:  'copied' is assigned a value but never used  no-unused-vars

webpack compiled with 1 warning
Compiling...
Compiled with warnings.

[eslint] 
src/Components/InventoryComponents/PurchaseOrderModal.js
  Line 169:11:  'copied' is assigned a value but never used  no-unused-vars

Search for the keywords to learn more about each warning.
To ignore, add // eslint-disable-next-line to the line before.

WARNING in [eslint] 
src/Components/InventoryComponents/PurchaseOrderModal.js
  Line 169:11:  'copied' is assigned a value but never used  no-unused-vars

webpack compiled with 1 warning
Compiling...
Compiled with warnings.

[eslint] 
src/Components/InventoryComponents/PurchaseOrderModal.js
  Line 169:11:  'copied' is assigned a value but never used  no-unused-vars

Search for the keywords to learn more about each warning.
To ignore, add // eslint-disable-next-line to the line before.

WARNING in [eslint] 
src/Components/InventoryComponents/PurchaseOrderModal.js
  Line 169:11:  'copied' is assigned a value but never used  no-unused-vars

webpack compiled with 1 warning
Compiling...
Compiled with warnings.

[eslint] 
src/Components/InventoryComponents/PurchaseOrderModal.js
  Line 169:11:  'copied' is assigned a value but never used  no-unused-vars

Search for the keywords to learn more about each warning.
To ignore, add // eslint-disable-next-line to the line before.

WARNING in [eslint] 
src/Components/InventoryComponents/PurchaseOrderModal.js
  Line 169:11:  'copied' is assigned a value but never used  no-unused-vars

webpack compiled with 1 warning
Compiling...
Compiled with warnings.

[eslint] 
src/Components/InventoryComponents/PurchaseOrderModal.js
  Line 169:11:  'copied' is assigned a value but never used  no-unused-vars

Search for the keywords to learn more about each warning.
To ignore, add // eslint-disable-next-line to the line before.

WARNING in [eslint] 
src/Components/InventoryComponents/PurchaseOrderModal.js
  Line 169:11:  'copied' is assigned a value but never used  no-unused-vars

webpack compiled with 1 warning
Compiling...
Compiled with warnings.

[eslint] 
src/Components/InventoryComponents/PurchaseOrderModal.js
  Line 169:11:  'copied' is assigned a value but never used  no-unused-vars

Search for the keywords to learn more about each warning.
To ignore, add // eslint-disable-next-line to the line before.

WARNING in [eslint] 
src/Components/InventoryComponents/PurchaseOrderModal.js
  Line 169:11:  'copied' is assigned a value but never used  no-unused-vars

webpack compiled with 1 warning
Compiling...
Compiled with warnings.

[eslint] 
src/Components/InventoryComponents/PurchaseOrderModal.js
  Line 169:11:  'copied' is assigned a value but never used  no-unused-vars

Search for the keywords to learn more about each warning.
To ignore, add // eslint-disable-next-line to the line before.

WARNING in [eslint] 
src/Components/InventoryComponents/PurchaseOrderModal.js
  Line 169:11:  'copied' is assigned a value but never used  no-unused-vars

webpack compiled with 1 warning
Compiling...
Compiled with warnings.

[eslint] 
src/Components/InventoryComponents/PurchaseOrderModal.js
  Line 169:11:  'copied' is assigned a value but never used  no-unused-vars

Search for the keywords to learn more about each warning.
To ignore, add // eslint-disable-next-line to the line before.

WARNING in [eslint] 
src/Components/InventoryComponents/PurchaseOrderModal.js
  Line 169:11:  'copied' is assigned a value but never used  no-unused-vars

webpack compiled with 1 warning
Compiling...
Compiled with warnings.

[eslint] 
src/Components/InventoryComponents/PurchaseOrderModal.js
  Line 169:11:  'copied' is assigned a value but never used  no-unused-vars

Search for the keywords to learn more about each warning.
To ignore, add // eslint-disable-next-line to the line before.

WARNING in [eslint] 
src/Components/InventoryComponents/PurchaseOrderModal.js
  Line 169:11:  'copied' is assigned a value but never used  no-unused-vars

webpack compiled with 1 warning
Compiling...
Compiled with warnings.

[eslint] 
src/Components/InventoryComponents/PurchaseOrderModal.js
  Line 169:11:  'copied' is assigned a value but never used  no-unused-vars

Search for the keywords to learn more about each warning.
To ignore, add // eslint-disable-next-line to the line before.

WARNING in [eslint] 
src/Components/InventoryComponents/PurchaseOrderModal.js
  Line 169:11:  'copied' is assigned a value but never used  no-unused-vars

webpack compiled with 1 warning
Compiling...
Compiled with warnings.

[eslint] 
src/Components/InventoryComponents/PurchaseOrderModal.js
  Line 169:11:  'copied' is assigned a value but never used  no-unused-vars

Search for the keywords to learn more about each warning.
To ignore, add // eslint-disable-next-line to the line before.

WARNING in [eslint] 
src/Components/InventoryComponents/PurchaseOrderModal.js
  Line 169:11:  'copied' is assigned a value but never used  no-unused-vars

webpack compiled with 1 warning
Compiling...
Compiled with warnings.

[eslint] 
src/Components/InventoryComponents/PurchaseOrderModal.js
  Line 169:11:  'copied' is assigned a value but never used  no-unused-vars

Search for the keywords to learn more about each warning.
To ignore, add // eslint-disable-next-line to the line before.

WARNING in [eslint] 
src/Components/InventoryComponents/PurchaseOrderModal.js
  Line 169:11:  'copied' is assigned a value but never used  no-unused-vars

webpack compiled with 1 warning
Compiling...
Compiled with warnings.

[eslint] 
src/Components/InventoryComponents/PurchaseOrderModal.js
  Line 169:11:  'copied' is assigned a value but never used  no-unused-vars

Search for the keywords to learn more about each warning.
To ignore, add // eslint-disable-next-line to the line before.

WARNING in [eslint] 
src/Components/InventoryComponents/PurchaseOrderModal.js
  Line 169:11:  'copied' is assigned a value but never used  no-unused-vars

webpack compiled with 1 warning
Compiling...
Compiled with warnings.

[eslint] 
src/Components/InventoryComponents/PurchaseOrderModal.js
  Line 169:11:  'copied' is assigned a value but never used  no-unused-vars

Search for the keywords to learn more about each warning.
To ignore, add // eslint-disable-next-line to the line before.

WARNING in [eslint] 
src/Components/InventoryComponents/PurchaseOrderModal.js
  Line 169:11:  'copied' is assigned a value but never used  no-unused-vars

webpack compiled with 1 warning
Compiling...
Compiled with warnings.

[eslint] 
src/Components/InventoryComponents/PurchaseOrderModal.js
  Line 169:11:  'copied' is assigned a value but never used  no-unused-vars

Search for the keywords to learn more about each warning.
To ignore, add // eslint-disable-next-line to the line before.

WARNING in [eslint] 
src/Components/InventoryComponents/PurchaseOrderModal.js
  Line 169:11:  'copied' is assigned a value but never used  no-unused-vars

webpack compiled with 1 warning
Compiling...
Compiled with warnings.

[eslint] 
src/Components/InventoryComponents/PurchaseOrderModal.js
  Line 169:11:  'copied' is assigned a value but never used  no-unused-vars

Search for the keywords to learn more about each warning.
To ignore, add // eslint-disable-next-line to the line before.

WARNING in [eslint] 
src/Components/InventoryComponents/PurchaseOrderModal.js
  Line 169:11:  'copied' is assigned a value but never used  no-unused-vars

webpack compiled with 1 warning
Compiling...
Compiled with warnings.

[eslint] 
src/Components/InventoryComponents/PurchaseOrderModal.js
  Line 169:11:  'copied' is assigned a value but never used  no-unused-vars

Search for the keywords to learn more about each warning.
To ignore, add // eslint-disable-next-line to the line before.

WARNING in [eslint] 
src/Components/InventoryComponents/PurchaseOrderModal.js
  Line 169:11:  'copied' is assigned a value but never used  no-unused-vars

webpack compiled with 1 warning
Compiling...
Compiled with warnings.

[eslint] 
src/Components/InventoryComponents/PurchaseOrderModal.js
  Line 169:11:  'copied' is assigned a value but never used  no-unused-vars

Search for the keywords to learn more about each warning.
To ignore, add // eslint-disable-next-line to the line before.

WARNING in [eslint] 
src/Components/InventoryComponents/PurchaseOrderModal.js
  Line 169:11:  'copied' is assigned a value but never used  no-unused-vars

webpack compiled with 1 warning
Compiling...
Compiled with warnings.

[eslint] 
src/Components/InventoryComponents/PurchaseOrderModal.js
  Line 169:11:  'copied' is assigned a value but never used  no-unused-vars

Search for the keywords to learn more about each warning.
To ignore, add // eslint-disable-next-line to the line before.

WARNING in [eslint] 
src/Components/InventoryComponents/PurchaseOrderModal.js
  Line 169:11:  'copied' is assigned a value but never used  no-unused-vars

webpack compiled with 1 warning
Compiling...
Compiled with warnings.

[eslint] 
src/Components/InventoryComponents/PurchaseOrderModal.js
  Line 169:11:  'copied' is assigned a value but never used  no-unused-vars

Search for the keywords to learn more about each warning.
To ignore, add // eslint-disable-next-line to the line before.

WARNING in [eslint] 
src/Components/InventoryComponents/PurchaseOrderModal.js
  Line 169:11:  'copied' is assigned a value but never used  no-unused-vars

webpack compiled with 1 warning
Compiling...
Compiled with warnings.

[eslint] 
src/Components/InventoryComponents/PurchaseOrderModal.js
  Line 169:11:  'copied' is assigned a value but never used  no-unused-vars

Search for the keywords to learn more about each warning.
To ignore, add // eslint-disable-next-line to the line before.

WARNING in [eslint] 
src/Components/InventoryComponents/PurchaseOrderModal.js
  Line 169:11:  'copied' is assigned a value but never used  no-unused-vars

webpack compiled with 1 warning
Compiling...
Compiled with warnings.

[eslint] 
src/Components/InventoryComponents/PurchaseOrderModal.js
  Line 169:11:  'copied' is assigned a value but never used  no-unused-vars

Search for the keywords to learn more about each warning.
To ignore, add // eslint-disable-next-line to the line before.

WARNING in [eslint] 
src/Components/InventoryComponents/PurchaseOrderModal.js
  Line 169:11:  'copied' is assigned a value but never used  no-unused-vars

webpack compiled with 1 warning
Compiling...
Compiled with warnings.

[eslint] 
src/Components/InventoryComponents/PurchaseOrderModal.js
  Line 169:11:  'copied' is assigned a value but never used  no-unused-vars

Search for the keywords to learn more about each warning.
To ignore, add // eslint-disable-next-line to the line before.

WARNING in [eslint] 
src/Components/InventoryComponents/PurchaseOrderModal.js
  Line 169:11:  'copied' is assigned a value but never used  no-unused-vars

webpack compiled with 1 warning
Compiling...
Compiled with warnings.

[eslint] 
src/Components/InventoryComponents/PurchaseOrderModal.js
  Line 169:11:  'copied' is assigned a value but never used  no-unused-vars

Search for the keywords to learn more about each warning.
To ignore, add // eslint-disable-next-line to the line before.

WARNING in [eslint] 
src/Components/InventoryComponents/PurchaseOrderModal.js
  Line 169:11:  'copied' is assigned a value but never used  no-unused-vars

webpack compiled with 1 warning
Compiling...
Compiled with warnings.

[eslint] 
src/Components/InventoryComponents/PurchaseOrderModal.js
  Line 169:11:  'copied' is assigned a value but never used  no-unused-vars

Search for the keywords to learn more about each warning.
To ignore, add // eslint-disable-next-line to the line before.

WARNING in [eslint] 
src/Components/InventoryComponents/PurchaseOrderModal.js
  Line 169:11:  'copied' is assigned a value but never used  no-unused-vars

webpack compiled with 1 warning
Compiling...
Compiled with warnings.

[eslint] 
src/Components/InventoryComponents/PurchaseOrderModal.js
  Line 169:11:  'copied' is assigned a value but never used  no-unused-vars

Search for the keywords to learn more about each warning.
To ignore, add // eslint-disable-next-line to the line before.

WARNING in [eslint] 
src/Components/InventoryComponents/PurchaseOrderModal.js
  Line 169:11:  'copied' is assigned a value but never used  no-unused-vars

webpack compiled with 1 warning
Compiling...
Compiled with warnings.

[eslint] 
src/Components/InventoryComponents/PurchaseOrderModal.js
  Line 169:11:  'copied' is assigned a value but never used  no-unused-vars

Search for the keywords to learn more about each warning.
To ignore, add // eslint-disable-next-line to the line before.

WARNING in [eslint] 
src/Components/InventoryComponents/PurchaseOrderModal.js
  Line 169:11:  'copied' is assigned a value but never used  no-unused-vars

webpack compiled with 1 warning
Compiling...
Compiled with warnings.

[eslint] 
src/Components/InventoryComponents/PurchaseOrderModal.js
  Line 169:11:  'copied' is assigned a value but never used  no-unused-vars

Search for the keywords to learn more about each warning.
To ignore, add // eslint-disable-next-line to the line before.

WARNING in [eslint] 
src/Components/InventoryComponents/PurchaseOrderModal.js
  Line 169:11:  'copied' is assigned a value but never used  no-unused-vars

webpack compiled with 1 warning
Compiling...
Compiled with warnings.

[eslint] 
src/Components/InventoryComponents/PurchaseOrderModal.js
  Line 169:11:  'copied' is assigned a value but never used  no-unused-vars

Search for the keywords to learn more about each warning.
To ignore, add // eslint-disable-next-line to the line before.

WARNING in [eslint] 
src/Components/InventoryComponents/PurchaseOrderModal.js
  Line 169:11:  'copied' is assigned a value but never used  no-unused-vars

webpack compiled with 1 warning
Compiling...
Compiled with warnings.

[eslint] 
src/Components/InventoryComponents/PurchaseOrderModal.js
  Line 169:11:  'copied' is assigned a value but never used  no-unused-vars

Search for the keywords to learn more about each warning.
To ignore, add // eslint-disable-next-line to the line before.

WARNING in [eslint] 
src/Components/InventoryComponents/PurchaseOrderModal.js
  Line 169:11:  'copied' is assigned a value but never used  no-unused-vars

webpack compiled with 1 warning
Compiling...
Compiled with warnings.

[eslint] 
src/Components/InventoryComponents/PurchaseOrderModal.js
  Line 169:11:  'copied' is assigned a value but never used  no-unused-vars

Search for the keywords to learn more about each warning.
To ignore, add // eslint-disable-next-line to the line before.

WARNING in [eslint] 
src/Components/InventoryComponents/PurchaseOrderModal.js
  Line 169:11:  'copied' is assigned a value but never used  no-unused-vars

webpack compiled with 1 warning
Compiling...
Compiled with warnings.

[eslint] 
src/Components/InventoryComponents/PurchaseOrderModal.js
  Line 169:11:  'copied' is assigned a value but never used  no-unused-vars

Search for the keywords to learn more about each warning.
To ignore, add // eslint-disable-next-line to the line before.

WARNING in [eslint] 
src/Components/InventoryComponents/PurchaseOrderModal.js
  Line 169:11:  'copied' is assigned a value but never used  no-unused-vars

webpack compiled with 1 warning
Compiling...
Compiled with warnings.

[eslint] 
src/Components/InventoryComponents/PurchaseOrderModal.js
  Line 169:11:  'copied' is assigned a value but never used  no-unused-vars

Search for the keywords to learn more about each warning.
To ignore, add // eslint-disable-next-line to the line before.

WARNING in [eslint] 
src/Components/InventoryComponents/PurchaseOrderModal.js
  Line 169:11:  'copied' is assigned a value but never used  no-unused-vars

webpack compiled with 1 warning
Compiling...
Compiled with warnings.

[eslint] 
src/Components/InventoryComponents/PurchaseOrderModal.js
  Line 169:11:  'copied' is assigned a value but never used  no-unused-vars

Search for the keywords to learn more about each warning.
To ignore, add // eslint-disable-next-line to the line before.

WARNING in [eslint] 
src/Components/InventoryComponents/PurchaseOrderModal.js
  Line 169:11:  'copied' is assigned a value but never used  no-unused-vars

webpack compiled with 1 warning
Compiling...
Compiled with warnings.

[eslint] 
src/Components/InventoryComponents/PurchaseOrderModal.js
  Line 169:11:  'copied' is assigned a value but never used  no-unused-vars

Search for the keywords to learn more about each warning.
To ignore, add // eslint-disable-next-line to the line before.

WARNING in [eslint] 
src/Components/InventoryComponents/PurchaseOrderModal.js
  Line 169:11:  'copied' is assigned a value but never used  no-unused-vars

webpack compiled with 1 warning
Compiling...
Compiled with warnings.

[eslint] 
src/Components/InventoryComponents/PurchaseOrderModal.js
  Line 169:11:  'copied' is assigned a value but never used  no-unused-vars

Search for the keywords to learn more about each warning.
To ignore, add // eslint-disable-next-line to the line before.

WARNING in [eslint] 
src/Components/InventoryComponents/PurchaseOrderModal.js
  Line 169:11:  'copied' is assigned a value but never used  no-unused-vars

webpack compiled with 1 warning
Compiling...
Compiled with warnings.

[eslint] 
src/Components/InventoryComponents/PurchaseOrderModal.js
  Line 169:11:  'copied' is assigned a value but never used  no-unused-vars

Search for the keywords to learn more about each warning.
To ignore, add // eslint-disable-next-line to the line before.

WARNING in [eslint] 
src/Components/InventoryComponents/PurchaseOrderModal.js
  Line 169:11:  'copied' is assigned a value but never used  no-unused-vars

webpack compiled with 1 warning
Compiling...
Compiled with warnings.

[eslint] 
src/Components/InventoryComponents/PurchaseOrderModal.js
  Line 169:11:  'copied' is assigned a value but never used  no-unused-vars

Search for the keywords to learn more about each warning.
To ignore, add // eslint-disable-next-line to the line before.

WARNING in [eslint] 
src/Components/InventoryComponents/PurchaseOrderModal.js
  Line 169:11:  'copied' is assigned a value but never used  no-unused-vars

webpack compiled with 1 warning
Compiling...
Compiled with warnings.

[eslint] 
src/Components/InventoryComponents/PurchaseOrderModal.js
  Line 169:11:  'copied' is assigned a value but never used  no-unused-vars

Search for the keywords to learn more about each warning.
To ignore, add // eslint-disable-next-line to the line before.

WARNING in [eslint] 
src/Components/InventoryComponents/PurchaseOrderModal.js
  Line 169:11:  'copied' is assigned a value but never used  no-unused-vars

webpack compiled with 1 warning
Compiling...
Compiled with warnings.

[eslint] 
src/Components/InventoryComponents/PurchaseOrderModal.js
  Line 169:11:  'copied' is assigned a value but never used  no-unused-vars

Search for the keywords to learn more about each warning.
To ignore, add // eslint-disable-next-line to the line before.

WARNING in [eslint] 
src/Components/InventoryComponents/PurchaseOrderModal.js
  Line 169:11:  'copied' is assigned a value but never used  no-unused-vars

webpack compiled with 1 warning
Compiling...
Compiled with warnings.

[eslint] 
src/Components/InventoryComponents/PurchaseOrderModal.js
  Line 169:11:  'copied' is assigned a value but never used  no-unused-vars

Search for the keywords to learn more about each warning.
To ignore, add // eslint-disable-next-line to the line before.

WARNING in [eslint] 
src/Components/InventoryComponents/PurchaseOrderModal.js
  Line 169:11:  'copied' is assigned a value but never used  no-unused-vars

webpack compiled with 1 warning
Compiling...
Compiled with warnings.

[eslint] 
src/Components/InventoryComponents/PurchaseOrderModal.js
  Line 169:11:  'copied' is assigned a value but never used  no-unused-vars

Search for the keywords to learn more about each warning.
To ignore, add // eslint-disable-next-line to the line before.

WARNING in [eslint] 
src/Components/InventoryComponents/PurchaseOrderModal.js
  Line 169:11:  'copied' is assigned a value but never used  no-unused-vars

webpack compiled with 1 warning
Compiling...
Compiled with warnings.

[eslint] 
src/Components/InventoryComponents/PurchaseOrderModal.js
  Line 169:11:  'copied' is assigned a value but never used  no-unused-vars

Search for the keywords to learn more about each warning.
To ignore, add // eslint-disable-next-line to the line before.

WARNING in [eslint] 
src/Components/InventoryComponents/PurchaseOrderModal.js
  Line 169:11:  'copied' is assigned a value but never used  no-unused-vars

webpack compiled with 1 warning
Compiling...
Compiled with warnings.

[eslint] 
src/Components/InventoryComponents/PurchaseOrderModal.js
  Line 169:11:  'copied' is assigned a value but never used  no-unused-vars

Search for the keywords to learn more about each warning.
To ignore, add // eslint-disable-next-line to the line before.

WARNING in [eslint] 
src/Components/InventoryComponents/PurchaseOrderModal.js
  Line 169:11:  'copied' is assigned a value but never used  no-unused-vars

webpack compiled with 1 warning
Compiling...
Compiled with warnings.

[eslint] 
src/Components/InventoryComponents/PurchaseOrderModal.js
  Line 169:11:  'copied' is assigned a value but never used  no-unused-vars

Search for the keywords to learn more about each warning.
To ignore, add // eslint-disable-next-line to the line before.

WARNING in [eslint] 
src/Components/InventoryComponents/PurchaseOrderModal.js
  Line 169:11:  'copied' is assigned a value but never used  no-unused-vars

webpack compiled with 1 warning
Compiling...
Compiled with warnings.

[eslint] 
src/Components/InventoryComponents/PurchaseOrderModal.js
  Line 169:11:  'copied' is assigned a value but never used  no-unused-vars

Search for the keywords to learn more about each warning.
To ignore, add // eslint-disable-next-line to the line before.

WARNING in [eslint] 
src/Components/InventoryComponents/PurchaseOrderModal.js
  Line 169:11:  'copied' is assigned a value but never used  no-unused-vars

webpack compiled with 1 warning
Compiling...
Compiled with warnings.

[eslint] 
src/Components/InventoryComponents/PurchaseOrderModal.js
  Line 169:11:  'copied' is assigned a value but never used  no-unused-vars

Search for the keywords to learn more about each warning.
To ignore, add // eslint-disable-next-line to the line before.

WARNING in [eslint] 
src/Components/InventoryComponents/PurchaseOrderModal.js
  Line 169:11:  'copied' is assigned a value but never used  no-unused-vars

webpack compiled with 1 warning
Compiling...
Compiled with warnings.

[eslint] 
src/Components/InventoryComponents/PurchaseOrderModal.js
  Line 169:11:  'copied' is assigned a value but never used  no-unused-vars

Search for the keywords to learn more about each warning.
To ignore, add // eslint-disable-next-line to the line before.

WARNING in [eslint] 
src/Components/InventoryComponents/PurchaseOrderModal.js
  Line 169:11:  'copied' is assigned a value but never used  no-unused-vars

webpack compiled with 1 warning
Compiling...
Compiled with warnings.

[eslint] 
src/Components/InventoryComponents/PurchaseOrderModal.js
  Line 169:11:  'copied' is assigned a value but never used  no-unused-vars

Search for the keywords to learn more about each warning.
To ignore, add // eslint-disable-next-line to the line before.

WARNING in [eslint] 
src/Components/InventoryComponents/PurchaseOrderModal.js
  Line 169:11:  'copied' is assigned a value but never used  no-unused-vars

webpack compiled with 1 warning
Compiling...
Compiled with warnings.

[eslint] 
src/Components/InventoryComponents/PurchaseOrderModal.js
  Line 169:11:  'copied' is assigned a value but never used  no-unused-vars

Search for the keywords to learn more about each warning.
To ignore, add // eslint-disable-next-line to the line before.

WARNING in [eslint] 
src/Components/InventoryComponents/PurchaseOrderModal.js
  Line 169:11:  'copied' is assigned a value but never used  no-unused-vars

webpack compiled with 1 warning
Compiling...
Compiled with warnings.

[eslint] 
src/Components/InventoryComponents/PurchaseOrderModal.js
  Line 169:11:  'copied' is assigned a value but never used  no-unused-vars

Search for the keywords to learn more about each warning.
To ignore, add // eslint-disable-next-line to the line before.

WARNING in [eslint] 
src/Components/InventoryComponents/PurchaseOrderModal.js
  Line 169:11:  'copied' is assigned a value but never used  no-unused-vars

webpack compiled with 1 warning
Compiling...
Compiled with warnings.

[eslint] 
src/Components/InventoryComponents/PurchaseOrderModal.js
  Line 169:11:  'copied' is assigned a value but never used  no-unused-vars

Search for the keywords to learn more about each warning.
To ignore, add // eslint-disable-next-line to the line before.

WARNING in [eslint] 
src/Components/InventoryComponents/PurchaseOrderModal.js
  Line 169:11:  'copied' is assigned a value but never used  no-unused-vars

webpack compiled with 1 warning
Compiling...
Compiled with warnings.

[eslint] 
src/Components/InventoryComponents/PurchaseOrderModal.js
  Line 169:11:  'copied' is assigned a value but never used  no-unused-vars

Search for the keywords to learn more about each warning.
To ignore, add // eslint-disable-next-line to the line before.

WARNING in [eslint] 
src/Components/InventoryComponents/PurchaseOrderModal.js
  Line 169:11:  'copied' is assigned a value but never used  no-unused-vars

webpack compiled with 1 warning
Compiling...
Compiled with warnings.

[eslint] 
src/Components/InventoryComponents/PurchaseOrderModal.js
  Line 169:11:  'copied' is assigned a value but never used  no-unused-vars

Search for the keywords to learn more about each warning.
To ignore, add // eslint-disable-next-line to the line before.

WARNING in [eslint] 
src/Components/InventoryComponents/PurchaseOrderModal.js
  Line 169:11:  'copied' is assigned a value but never used  no-unused-vars

webpack compiled with 1 warning
Compiling...
Compiled with warnings.

[eslint] 
src/Components/InventoryComponents/PurchaseOrderModal.js
  Line 169:11:  'copied' is assigned a value but never used  no-unused-vars

Search for the keywords to learn more about each warning.
To ignore, add // eslint-disable-next-line to the line before.

WARNING in [eslint] 
src/Components/InventoryComponents/PurchaseOrderModal.js
  Line 169:11:  'copied' is assigned a value but never used  no-unused-vars

webpack compiled with 1 warning
Compiling...
Compiled with warnings.

[eslint] 
src/Components/InventoryComponents/PurchaseOrderModal.js
  Line 169:11:  'copied' is assigned a value but never used  no-unused-vars

Search for the keywords to learn more about each warning.
To ignore, add // eslint-disable-next-line to the line before.

WARNING in [eslint] 
src/Components/InventoryComponents/PurchaseOrderModal.js
  Line 169:11:  'copied' is assigned a value but never used  no-unused-vars

webpack compiled with 1 warning
Compiling...
Compiled with warnings.

[eslint] 
src/Components/InventoryComponents/PurchaseOrderModal.js
  Line 169:11:  'copied' is assigned a value but never used  no-unused-vars

Search for the keywords to learn more about each warning.
To ignore, add // eslint-disable-next-line to the line before.

WARNING in [eslint] 
src/Components/InventoryComponents/PurchaseOrderModal.js
  Line 169:11:  'copied' is assigned a value but never used  no-unused-vars

webpack compiled with 1 warning
Compiling...
Compiled with warnings.

[eslint] 
src/Components/InventoryComponents/PurchaseOrderModal.js
  Line 169:11:  'copied' is assigned a value but never used  no-unused-vars

Search for the keywords to learn more about each warning.
To ignore, add // eslint-disable-next-line to the line before.

WARNING in [eslint] 
src/Components/InventoryComponents/PurchaseOrderModal.js
  Line 169:11:  'copied' is assigned a value but never used  no-unused-vars

webpack compiled with 1 warning
Compiling...
Compiled with warnings.

[eslint] 
src/Components/InventoryComponents/PurchaseOrderModal.js
  Line 169:11:  'copied' is assigned a value but never used  no-unused-vars

Search for the keywords to learn more about each warning.
To ignore, add // eslint-disable-next-line to the line before.

WARNING in [eslint] 
src/Components/InventoryComponents/PurchaseOrderModal.js
  Line 169:11:  'copied' is assigned a value but never used  no-unused-vars

webpack compiled with 1 warning
Compiling...
Compiled with warnings.

[eslint] 
src/Components/InventoryComponents/PurchaseOrderModal.js
  Line 169:11:  'copied' is assigned a value but never used  no-unused-vars

Search for the keywords to learn more about each warning.
To ignore, add // eslint-disable-next-line to the line before.

WARNING in [eslint] 
src/Components/InventoryComponents/PurchaseOrderModal.js
  Line 169:11:  'copied' is assigned a value but never used  no-unused-vars

webpack compiled with 1 warning
Compiling...
Compiled with warnings.

[eslint] 
src/Components/InventoryComponents/PurchaseOrderModal.js
  Line 169:11:  'copied' is assigned a value but never used  no-unused-vars

Search for the keywords to learn more about each warning.
To ignore, add // eslint-disable-next-line to the line before.

WARNING in [eslint] 
src/Components/InventoryComponents/PurchaseOrderModal.js
  Line 169:11:  'copied' is assigned a value but never used  no-unused-vars

webpack compiled with 1 warning
Compiling...
Compiled with warnings.

[eslint] 
src/Components/InventoryComponents/PurchaseOrderModal.js
  Line 169:11:  'copied' is assigned a value but never used  no-unused-vars

Search for the keywords to learn more about each warning.
To ignore, add // eslint-disable-next-line to the line before.

WARNING in [eslint] 
src/Components/InventoryComponents/PurchaseOrderModal.js
  Line 169:11:  'copied' is assigned a value but never used  no-unused-vars

webpack compiled with 1 warning
Compiling...
Compiled with warnings.

[eslint] 
src/Components/InventoryComponents/PurchaseOrderModal.js
  Line 169:11:  'copied' is assigned a value but never used  no-unused-vars

Search for the keywords to learn more about each warning.
To ignore, add // eslint-disable-next-line to the line before.

WARNING in [eslint] 
src/Components/InventoryComponents/PurchaseOrderModal.js
  Line 169:11:  'copied' is assigned a value but never used  no-unused-vars

webpack compiled with 1 warning
Compiling...
Compiled with warnings.

[eslint] 
src/Components/InventoryComponents/PurchaseOrderModal.js
  Line 169:11:  'copied' is assigned a value but never used  no-unused-vars

Search for the keywords to learn more about each warning.
To ignore, add // eslint-disable-next-line to the line before.

WARNING in [eslint] 
src/Components/InventoryComponents/PurchaseOrderModal.js
  Line 169:11:  'copied' is assigned a value but never used  no-unused-vars

webpack compiled with 1 warning
Compiling...
Compiled with warnings.

[eslint] 
src/Components/InventoryComponents/PurchaseOrderModal.js
  Line 169:11:  'copied' is assigned a value but never used  no-unused-vars

Search for the keywords to learn more about each warning.
To ignore, add // eslint-disable-next-line to the line before.

WARNING in [eslint] 
src/Components/InventoryComponents/PurchaseOrderModal.js
  Line 169:11:  'copied' is assigned a value but never used  no-unused-vars

webpack compiled with 1 warning
Compiling...
Compiled with warnings.

[eslint] 
src/Components/InventoryComponents/PurchaseOrderModal.js
  Line 169:11:  'copied' is assigned a value but never used  no-unused-vars

Search for the keywords to learn more about each warning.
To ignore, add // eslint-disable-next-line to the line before.

WARNING in [eslint] 
src/Components/InventoryComponents/PurchaseOrderModal.js
  Line 169:11:  'copied' is assigned a value but never used  no-unused-vars

webpack compiled with 1 warning
Compiling...
Compiled with warnings.

[eslint] 
src/Components/InventoryComponents/PurchaseOrderModal.js
  Line 169:11:  'copied' is assigned a value but never used  no-unused-vars

Search for the keywords to learn more about each warning.
To ignore, add // eslint-disable-next-line to the line before.

WARNING in [eslint] 
src/Components/InventoryComponents/PurchaseOrderModal.js
  Line 169:11:  'copied' is assigned a value but never used  no-unused-vars

webpack compiled with 1 warning
Compiling...
Compiled with warnings.

[eslint] 
src/Components/InventoryComponents/PurchaseOrderModal.js
  Line 169:11:  'copied' is assigned a value but never used  no-unused-vars

Search for the keywords to learn more about each warning.
To ignore, add // eslint-disable-next-line to the line before.

WARNING in [eslint] 
src/Components/InventoryComponents/PurchaseOrderModal.js
  Line 169:11:  'copied' is assigned a value but never used  no-unused-vars

webpack compiled with 1 warning
Compiling...
Compiled with warnings.

[eslint] 
src/Components/InventoryComponents/PurchaseOrderModal.js
  Line 169:11:  'copied' is assigned a value but never used  no-unused-vars

Search for the keywords to learn more about each warning.
To ignore, add // eslint-disable-next-line to the line before.

WARNING in [eslint] 
src/Components/InventoryComponents/PurchaseOrderModal.js
  Line 169:11:  'copied' is assigned a value but never used  no-unused-vars

webpack compiled with 1 warning
Compiling...
Compiled with warnings.

[eslint] 
src/Components/InventoryComponents/PurchaseOrderModal.js
  Line 169:11:  'copied' is assigned a value but never used  no-unused-vars

Search for the keywords to learn more about each warning.
To ignore, add // eslint-disable-next-line to the line before.

WARNING in [eslint] 
src/Components/InventoryComponents/PurchaseOrderModal.js
  Line 169:11:  'copied' is assigned a value but never used  no-unused-vars

webpack compiled with 1 warning
Compiling...
Compiled with warnings.

[eslint] 
src/Components/InventoryComponents/PurchaseOrderModal.js
  Line 169:11:  'copied' is assigned a value but never used  no-unused-vars

Search for the keywords to learn more about each warning.
To ignore, add // eslint-disable-next-line to the line before.

WARNING in [eslint] 
src/Components/InventoryComponents/PurchaseOrderModal.js
  Line 169:11:  'copied' is assigned a value but never used  no-unused-vars

webpack compiled with 1 warning
